生成启动时间为 2016/11/23 13:23:50。
     1>项目“G:\data center\work\yangsheng\c\SocketBase\SocketBase\SocketBase.vcxproj”在节点 2 上(Build 个目标)。
     1>ClCompile:
         D:\Program Files (x86)\Microsoft Visual Studio 12.0\VC\bin\CL.exe /c /I"G:\data center\网络编程\libevent\/include" /I"G:\data center\网络编程\libevent\/src/WIN32-Code" /I"G:\data center\网络编程\libevent\/src/compat" /I"d:\Program Files (x86)\Visual Leak Detector\include" /ZI /nologo /W3 /WX- /sdl /Od /Oy- /D _MBCS /Gm /EHsc /RTC1 /MDd /GS /fp:precise /Zc:wchar_t /Zc:forScope /Fo"Debug\\" /Fd"Debug\vc120.pdb" /Gd /TP /analyze- /errorReport:prompt /D WIN32 AppServer.cpp
         AppServer.cpp
       Link:
         D:\Program Files (x86)\Microsoft Visual Studio 12.0\VC\bin\link.exe /ERRORREPORT:PROMPT /OUT:"G:\data center\work\yangsheng\c\SocketBase\Debug\SocketBase.exe" /INCREMENTAL /NOLOGO /LIBPATH:"d:\Program Files (x86)\Visual Leak Detector\lib\Win32" "G:\data center\网络编程\libevent\project\vs2008\Debug\libevent.lib" kernel32.lib user32.lib gdi32.lib winspool.lib comdlg32.lib advapi32.lib shell32.lib ole32.lib oleaut32.lib uuid.lib odbc32.lib odbccp32.lib /MANIFEST /MANIFESTUAC:"level='asInvoker' uiAccess='false'" /manifest:embed /DEBUG /PDB:"G:\data center\work\yangsheng\c\SocketBase\Debug\SocketBase.pdb" /TLBID:1 /DYNAMICBASE /NXCOMPAT /IMPLIB:"G:\data center\work\yangsheng\c\SocketBase\Debug\SocketBase.lib" /MACHINE:X86 Debug\AppServer.obj
         Debug\AppSession.obj
         Debug\BinaryRequestInfo.obj
         Debug\BootstrapFactory.obj
         Debug\CommandBase.obj
         Debug\EchoTos.obj
         Debug\IAppServer.obj
         Debug\IAppSession.obj
         Debug\IBootstrap.obj
         Debug\ICommand.obj
         Debug\IMutex.obj
         Debug\IRequestInfo.obj
         Debug\main.obj
         Debug\ManagerClass.obj
         Debug\NormalBootstrap.obj
         Debug\Object.obj
         Debug\RefBaseClass.obj
         Debug\RefClassFactory.obj
         Debug\RefDynamicClass.obj
         Debug\RefHelloClass.obj
         Debug\RequestInfo.obj
         Debug\SmartPtr.obj
     1>libevent.lib(buffer.obj) : warning LNK4099: 未找到 PDB“vc120.pdb”(使用“libevent.lib(buffer.obj)”或在“G:\data center\work\yangsheng\c\SocketBase\Debug\vc120.pdb”中寻找)；正在链接对象，如同没有调试信息一样
     1>libevent.lib(bufferevent.obj) : warning LNK4099: 未找到 PDB“vc120.pdb”(使用“libevent.lib(bufferevent.obj)”或在“G:\data center\work\yangsheng\c\SocketBase\Debug\vc120.pdb”中寻找)；正在链接对象，如同没有调试信息一样
     1>libevent.lib(bufferevent_ratelim.obj) : warning LNK4099: 未找到 PDB“vc120.pdb”(使用“libevent.lib(bufferevent_ratelim.obj)”或在“G:\data center\work\yangsheng\c\SocketBase\Debug\vc120.pdb”中寻找)；正在链接对象，如同没有调试信息一样
     1>libevent.lib(bufferevent_sock.obj) : warning LNK4099: 未找到 PDB“vc120.pdb”(使用“libevent.lib(bufferevent_sock.obj)”或在“G:\data center\work\yangsheng\c\SocketBase\Debug\vc120.pdb”中寻找)；正在链接对象，如同没有调试信息一样
     1>libevent.lib(event.obj) : warning LNK4099: 未找到 PDB“vc120.pdb”(使用“libevent.lib(event.obj)”或在“G:\data center\work\yangsheng\c\SocketBase\Debug\vc120.pdb”中寻找)；正在链接对象，如同没有调试信息一样
     1>libevent.lib(evmap.obj) : warning LNK4099: 未找到 PDB“vc120.pdb”(使用“libevent.lib(evmap.obj)”或在“G:\data center\work\yangsheng\c\SocketBase\Debug\vc120.pdb”中寻找)；正在链接对象，如同没有调试信息一样
     1>libevent.lib(evthread.obj) : warning LNK4099: 未找到 PDB“vc120.pdb”(使用“libevent.lib(evthread.obj)”或在“G:\data center\work\yangsheng\c\SocketBase\Debug\vc120.pdb”中寻找)；正在链接对象，如同没有调试信息一样
     1>libevent.lib(evutil.obj) : warning LNK4099: 未找到 PDB“vc120.pdb”(使用“libevent.lib(evutil.obj)”或在“G:\data center\work\yangsheng\c\SocketBase\Debug\vc120.pdb”中寻找)；正在链接对象，如同没有调试信息一样
     1>libevent.lib(evutil_rand.obj) : warning LNK4099: 未找到 PDB“vc120.pdb”(使用“libevent.lib(evutil_rand.obj)”或在“G:\data center\work\yangsheng\c\SocketBase\Debug\vc120.pdb”中寻找)；正在链接对象，如同没有调试信息一样
     1>libevent.lib(listener.obj) : warning LNK4099: 未找到 PDB“vc120.pdb”(使用“libevent.lib(listener.obj)”或在“G:\data center\work\yangsheng\c\SocketBase\Debug\vc120.pdb”中寻找)；正在链接对象，如同没有调试信息一样
     1>libevent.lib(log.obj) : warning LNK4099: 未找到 PDB“vc120.pdb”(使用“libevent.lib(log.obj)”或在“G:\data center\work\yangsheng\c\SocketBase\Debug\vc120.pdb”中寻找)；正在链接对象，如同没有调试信息一样
     1>libevent.lib(signal.obj) : warning LNK4099: 未找到 PDB“vc120.pdb”(使用“libevent.lib(signal.obj)”或在“G:\data center\work\yangsheng\c\SocketBase\Debug\vc120.pdb”中寻找)；正在链接对象，如同没有调试信息一样
     1>libevent.lib(strlcpy.obj) : warning LNK4099: 未找到 PDB“vc120.pdb”(使用“libevent.lib(strlcpy.obj)”或在“G:\data center\work\yangsheng\c\SocketBase\Debug\vc120.pdb”中寻找)；正在链接对象，如同没有调试信息一样
     1>libevent.lib(buffer_iocp.obj) : warning LNK4099: 未找到 PDB“vc120.pdb”(使用“libevent.lib(buffer_iocp.obj)”或在“G:\data center\work\yangsheng\c\SocketBase\Debug\vc120.pdb”中寻找)；正在链接对象，如同没有调试信息一样
     1>libevent.lib(bufferevent_async.obj) : warning LNK4099: 未找到 PDB“vc120.pdb”(使用“libevent.lib(bufferevent_async.obj)”或在“G:\data center\work\yangsheng\c\SocketBase\Debug\vc120.pdb”中寻找)；正在链接对象，如同没有调试信息一样
     1>libevent.lib(event_iocp.obj) : warning LNK4099: 未找到 PDB“vc120.pdb”(使用“libevent.lib(event_iocp.obj)”或在“G:\data center\work\yangsheng\c\SocketBase\Debug\vc120.pdb”中寻找)；正在链接对象，如同没有调试信息一样
     1>libevent.lib(win32select.obj) : warning LNK4099: 未找到 PDB“vc120.pdb”(使用“libevent.lib(win32select.obj)”或在“G:\data center\work\yangsheng\c\SocketBase\Debug\vc120.pdb”中寻找)；正在链接对象，如同没有调试信息一样
         SocketBase.vcxproj -> G:\data center\work\yangsheng\c\SocketBase\Debug\SocketBase.exe
     1>已完成生成项目“G:\data center\work\yangsheng\c\SocketBase\SocketBase\SocketBase.vcxproj”(Build 个目标)的操作。

生成成功。

已用时间 00:00:02.87
