g:\data center\work\yangsheng\c\socketbase\socketbase\debug\vc120.pdb
g:\data center\work\yangsheng\c\socketbase\socketbase\debug\vc120.idb
g:\data center\work\yangsheng\c\socketbase\socketbase\debug\binaryrequestinfo.obj
g:\data center\work\yangsheng\c\socketbase\socketbase\debug\bootstrapfactory.obj
g:\data center\work\yangsheng\c\socketbase\socketbase\debug\commandbase.obj
g:\data center\work\yangsheng\c\socketbase\socketbase\debug\echotos.obj
g:\data center\work\yangsheng\c\socketbase\socketbase\debug\iappserver.obj
g:\data center\work\yangsheng\c\socketbase\socketbase\debug\iappsession.obj
g:\data center\work\yangsheng\c\socketbase\socketbase\debug\ibootstrap.obj
g:\data center\work\yangsheng\c\socketbase\socketbase\debug\icommand.obj
g:\data center\work\yangsheng\c\socketbase\socketbase\debug\ilock.obj
g:\data center\work\yangsheng\c\socketbase\socketbase\debug\irequestinfo.obj
g:\data center\work\yangsheng\c\socketbase\socketbase\debug\main.obj
g:\data center\work\yangsheng\c\socketbase\socketbase\debug\managerclass.obj
g:\data center\work\yangsheng\c\socketbase\socketbase\debug\normalbootstrap.obj
g:\data center\work\yangsheng\c\socketbase\socketbase\debug\object.obj
g:\data center\work\yangsheng\c\socketbase\socketbase\debug\refbaseclass.obj
g:\data center\work\yangsheng\c\socketbase\socketbase\debug\refclassfactory.obj
g:\data center\work\yangsheng\c\socketbase\socketbase\debug\refdynamicclass.obj
g:\data center\work\yangsheng\c\socketbase\socketbase\debug\refhelloclass.obj
g:\data center\work\yangsheng\c\socketbase\socketbase\debug\requestinfo.obj
g:\data center\work\yangsheng\c\socketbase\socketbase\debug\smartptr.obj
g:\data center\work\yangsheng\c\socketbase\socketbase\debug\appserver.obj
g:\data center\work\yangsheng\c\socketbase\socketbase\debug\appsession.obj
g:\data center\work\yangsheng\c\socketbase\socketbase\debug\imutex.obj
g:\data center\work\yangsheng\c\socketbase\debug\socketbase.ilk
g:\data center\work\yangsheng\c\socketbase\debug\socketbase.exe
g:\data center\work\yangsheng\c\socketbase\debug\socketbase.pdb
g:\data center\work\yangsheng\c\socketbase\socketbase\debug\socketbase.tlog\cl.command.1.tlog
g:\data center\work\yangsheng\c\socketbase\socketbase\debug\socketbase.tlog\cl.read.1.tlog
g:\data center\work\yangsheng\c\socketbase\socketbase\debug\socketbase.tlog\cl.write.1.tlog
g:\data center\work\yangsheng\c\socketbase\socketbase\debug\socketbase.tlog\link.6788-cvtres.read.1.tlog
g:\data center\work\yangsheng\c\socketbase\socketbase\debug\socketbase.tlog\link.6788-cvtres.write.1.tlog
g:\data center\work\yangsheng\c\socketbase\socketbase\debug\socketbase.tlog\link.6788-rc.read.1.tlog
g:\data center\work\yangsheng\c\socketbase\socketbase\debug\socketbase.tlog\link.6788-rc.write.1.tlog
g:\data center\work\yangsheng\c\socketbase\socketbase\debug\socketbase.tlog\link.6788.read.1.tlog
g:\data center\work\yangsheng\c\socketbase\socketbase\debug\socketbase.tlog\link.6788.write.1.tlog
g:\data center\work\yangsheng\c\socketbase\socketbase\debug\socketbase.tlog\link.command.1.tlog
g:\data center\work\yangsheng\c\socketbase\socketbase\debug\socketbase.tlog\link.read.1.tlog
g:\data center\work\yangsheng\c\socketbase\socketbase\debug\socketbase.tlog\link.write.1.tlog
